<?xml version="1.0" encoding="UTF-8"?>
<coverage generated="1747158431266" clover="3.2.0">
  <project timestamp="1747158431266" name="All files">
    <metrics statements="38" coveredstatements="38" conditionals="21" coveredconditionals="20" methods="16" coveredmethods="16" elements="75" coveredelements="74" complexity="0" loc="38" ncloc="38" packages="2" files="7" classes="7"/>
    <package name="src">
      <metrics statements="9" coveredstatements="9" conditionals="0" coveredconditionals="0" methods="4" coveredmethods="4"/>
      <file name="App.jsx" path="C:\Users\tscho\meet\src\App.jsx">
        <metrics statements="2" coveredstatements="2" conditionals="0" coveredconditionals="0" methods="1" coveredmethods="1"/>
        <line num="5" count="1" type="stmt"/>
        <line num="7" count="3" type="stmt"/>
      </file>
      <file name="api.js" path="C:\Users\tscho\meet\src\api.js">
        <metrics statements="6" coveredstatements="6" conditionals="0" coveredconditionals="0" methods="3" coveredmethods="3"/>
        <line num="12" count="3" type="stmt"/>
        <line num="13" count="70" type="stmt"/>
        <line num="14" count="2" type="stmt"/>
        <line num="15" count="2" type="stmt"/>
        <line num="23" count="3" type="stmt"/>
        <line num="24" count="10" type="stmt"/>
      </file>
      <file name="mock-data.js" path="C:\Users\tscho\meet\src\mock-data.js">
        <metrics statements="1" coveredstatements="1" conditionals="0" coveredconditionals="0" methods="0" coveredmethods="0"/>
        <line num="3" count="3" type="stmt"/>
      </file>
    </package>
    <package name="src.components">
      <metrics statements="29" coveredstatements="29" conditionals="21" coveredconditionals="20" methods="12" coveredmethods="12"/>
      <file name="CitySearch.jsx" path="C:\Users\tscho\meet\src\components\CitySearch.jsx">
        <metrics statements="17" coveredstatements="17" conditionals="5" coveredconditionals="4" methods="6" coveredmethods="6"/>
        <line num="4" count="2" type="cond" truecount="1" falsecount="0"/>
        <line num="5" count="26" type="stmt"/>
        <line num="6" count="26" type="stmt"/>
        <line num="7" count="26" type="stmt"/>
        <line num="10" count="26" type="stmt"/>
        <line num="11" count="12" type="stmt"/>
        <line num="12" count="12" type="cond" truecount="1" falsecount="1"/>
        <line num="14" count="24" type="stmt"/>
        <line num="18" count="12" type="stmt"/>
        <line num="19" count="12" type="stmt"/>
        <line num="22" count="26" type="stmt"/>
        <line num="23" count="1" type="stmt"/>
        <line num="24" count="1" type="stmt"/>
        <line num="25" count="1" type="stmt"/>
        <line num="28" count="26" type="stmt"/>
        <line num="35" count="3" type="stmt"/>
        <line num="41" count="12" type="stmt"/>
      </file>
      <file name="Event.jsx" path="C:\Users\tscho\meet\src\components\Event.jsx">
        <metrics statements="4" coveredstatements="4" conditionals="14" coveredconditionals="14" methods="2" coveredmethods="2"/>
        <line num="4" count="3" type="stmt"/>
        <line num="5" count="45" type="stmt"/>
        <line num="6" count="45" type="stmt"/>
        <line num="16" count="3" type="cond" truecount="2" falsecount="0"/>
      </file>
      <file name="EventList.jsx" path="C:\Users\tscho\meet\src\components\EventList.jsx">
        <metrics statements="3" coveredstatements="3" conditionals="2" coveredconditionals="2" methods="2" coveredmethods="2"/>
        <line num="5" count="2" type="stmt"/>
        <line num="6" count="6" type="stmt"/>
        <line num="8" count="35" type="cond" truecount="2" falsecount="0"/>
      </file>
      <file name="NumberOfEvents.jsx" path="C:\Users\tscho\meet\src\components\NumberOfEvents.jsx">
        <metrics statements="5" coveredstatements="5" conditionals="0" coveredconditionals="0" methods="2" coveredmethods="2"/>
        <line num="3" count="1" type="stmt"/>
        <line num="4" count="5" type="stmt"/>
        <line num="6" count="5" type="stmt"/>
        <line num="7" count="2" type="stmt"/>
        <line num="10" count="5" type="stmt"/>
      </file>
    </package>
  </project>
</coverage>
