{"C:\\Users\\tscho\\meet\\src\\App.jsx": {"path":"C:\\Users\\tscho\\meet\\src\\App.jsx","statementMap":{"0":{"start":{"line":5,"column":12},"end":{"line":13,"column":1}},"1":{"start":{"line":7,"column":2},"end":{"line":12,"column":4}}},"fnMap":{"0":{"name":"(anonymous_0)","decl":{"start":{"line":5,"column":12},"end":{"line":5,"column":13}},"loc":{"start":{"line":5,"column":18},"end":{"line":13,"column":1}},"line":5}},"branchMap":{},"s":{"0":1,"1":3},"f":{"0":3},"b":{},"_coverageSchema":"1a1c01bbd47fc00a2c39e90264f33305004495a9","hash":"8c2d3cf3f7c620a5141b2036fa791f4f2e5fe647"}
,"C:\\Users\\tscho\\meet\\src\\api.js": {"path":"C:\\Users\\tscho\\meet\\src\\api.js","statementMap":{"0":{"start":{"line":12,"column":32},"end":{"line":16,"column":1}},"1":{"start":{"line":13,"column":29},"end":{"line":13,"column":66}},"2":{"start":{"line":13,"column":51},"end":{"line":13,"column":65}},"3":{"start":{"line":14,"column":20},"end":{"line":14,"column":52}},"4":{"start":{"line":15,"column":2},"end":{"line":15,"column":19}},"5":{"start":{"line":23,"column":25},"end":{"line":25,"column":1}},"6":{"start":{"line":24,"column":2},"end":{"line":24,"column":18}}},"fnMap":{"0":{"name":"(anonymous_0)","decl":{"start":{"line":12,"column":32},"end":{"line":12,"column":33}},"loc":{"start":{"line":12,"column":44},"end":{"line":16,"column":1}},"line":12},"1":{"name":"(anonymous_1)","decl":{"start":{"line":13,"column":40},"end":{"line":13,"column":41}},"loc":{"start":{"line":13,"column":51},"end":{"line":13,"column":65}},"line":13},"2":{"name":"(anonymous_2)","decl":{"start":{"line":23,"column":25},"end":{"line":23,"column":26}},"loc":{"start":{"line":23,"column":37},"end":{"line":25,"column":1}},"line":23}},"branchMap":{},"s":{"0":3,"1":2,"2":70,"3":2,"4":2,"5":3,"6":10},"f":{"0":2,"1":70,"2":10},"b":{},"_coverageSchema":"1a1c01bbd47fc00a2c39e90264f33305004495a9","hash":"dfbae1a51b2615656b05637333dc078e815b072e"}
,"C:\\Users\\tscho\\meet\\src\\mock-data.js": {"path":"C:\\Users\\tscho\\meet\\src\\mock-data.js","statementMap":{"0":{"start":{"line":3,"column":17},"end":{"line":1369,"column":4}}},"fnMap":{},"branchMap":{},"s":{"0":3},"f":{},"b":{},"_coverageSchema":"1a1c01bbd47fc00a2c39e90264f33305004495a9","hash":"f692f1fc8e2756289d6498d2e9b421baf139cc12"}
,"C:\\Users\\tscho\\meet\\src\\components\\CitySearch.jsx": {"path":"C:\\Users\\tscho\\meet\\src\\components\\CitySearch.jsx","statementMap":{"0":{"start":{"line":4,"column":19},"end":{"line":51,"column":1}},"1":{"start":{"line":5,"column":48},"end":{"line":5,"column":63}},"2":{"start":{"line":6,"column":28},"end":{"line":6,"column":40}},"3":{"start":{"line":7,"column":40},"end":{"line":7,"column":52}},"4":{"start":{"line":10,"column":29},"end":{"line":20,"column":3}},"5":{"start":{"line":11,"column":18},"end":{"line":11,"column":36}},"6":{"start":{"line":12,"column":30},"end":{"line":16,"column":10}},"7":{"start":{"line":14,"column":10},"end":{"line":14,"column":62}},"8":{"start":{"line":18,"column":4},"end":{"line":18,"column":20}},"9":{"start":{"line":19,"column":4},"end":{"line":19,"column":38}},"10":{"start":{"line":22,"column":28},"end":{"line":26,"column":3}},"11":{"start":{"line":23,"column":18},"end":{"line":23,"column":42}},"12":{"start":{"line":24,"column":4},"end":{"line":24,"column":20}},"13":{"start":{"line":25,"column":4},"end":{"line":25,"column":30}},"14":{"start":{"line":28,"column":2},"end":{"line":50,"column":3}},"15":{"start":{"line":35,"column":23},"end":{"line":35,"column":47}},"16":{"start":{"line":41,"column":12},"end":{"line":41,"column":85}}},"fnMap":{"0":{"name":"(anonymous_0)","decl":{"start":{"line":4,"column":19},"end":{"line":4,"column":20}},"loc":{"start":{"line":4,"column":46},"end":{"line":51,"column":1}},"line":4},"1":{"name":"(anonymous_1)","decl":{"start":{"line":10,"column":29},"end":{"line":10,"column":30}},"loc":{"start":{"line":10,"column":40},"end":{"line":20,"column":3}},"line":10},"2":{"name":"(anonymous_2)","decl":{"start":{"line":13,"column":28},"end":{"line":13,"column":29}},"loc":{"start":{"line":14,"column":10},"end":{"line":14,"column":62}},"line":14},"3":{"name":"(anonymous_3)","decl":{"start":{"line":22,"column":28},"end":{"line":22,"column":29}},"loc":{"start":{"line":22,"column":39},"end":{"line":26,"column":3}},"line":22},"4":{"name":"(anonymous_4)","decl":{"start":{"line":35,"column":17},"end":{"line":35,"column":18}},"loc":{"start":{"line":35,"column":23},"end":{"line":35,"column":47}},"line":35},"5":{"name":"(anonymous_5)","decl":{"start":{"line":40,"column":27},"end":{"line":40,"column":28}},"loc":{"start":{"line":40,"column":43},"end":{"line":42,"column":11}},"line":40}},"branchMap":{"0":{"loc":{"start":{"line":4,"column":22},"end":{"line":4,"column":39}},"type":"default-arg","locations":[{"start":{"line":4,"column":37},"end":{"line":4,"column":39}}],"line":4},"1":{"loc":{"start":{"line":12,"column":30},"end":{"line":16,"column":10}},"type":"cond-expr","locations":[{"start":{"line":13,"column":8},"end":{"line":15,"column":9}},{"start":{"line":16,"column":8},"end":{"line":16,"column":10}}],"line":12},"2":{"loc":{"start":{"line":38,"column":7},"end":{"line":47,"column":14}},"type":"cond-expr","locations":[{"start":{"line":39,"column":8},"end":{"line":46,"column":13}},{"start":{"line":47,"column":10},"end":{"line":47,"column":14}}],"line":38}},"s":{"0":2,"1":26,"2":26,"3":26,"4":26,"5":12,"6":12,"7":24,"8":12,"9":12,"10":26,"11":1,"12":1,"13":1,"14":26,"15":3,"16":12},"f":{"0":26,"1":12,"2":24,"3":1,"4":3,"5":12},"b":{"0":[3],"1":[12,0],"2":[15,11]},"_coverageSchema":"1a1c01bbd47fc00a2c39e90264f33305004495a9","hash":"605be530c205c3c874468aa2248dd448993776b5"}
,"C:\\Users\\tscho\\meet\\src\\components\\Event.jsx": {"path":"C:\\Users\\tscho\\meet\\src\\components\\Event.jsx","statementMap":{"0":{"start":{"line":4,"column":14},"end":{"line":20,"column":1}},"1":{"start":{"line":5,"column":40},"end":{"line":5,"column":55}},"2":{"start":{"line":6,"column":2},"end":{"line":19,"column":3}},"3":{"start":{"line":16,"column":8},"end":{"line":16,"column":66}}},"fnMap":{"0":{"name":"(anonymous_0)","decl":{"start":{"line":4,"column":14},"end":{"line":4,"column":15}},"loc":{"start":{"line":4,"column":29},"end":{"line":20,"column":1}},"line":4},"1":{"name":"(anonymous_1)","decl":{"start":{"line":15,"column":47},"end":{"line":15,"column":48}},"loc":{"start":{"line":15,"column":53},"end":{"line":17,"column":7}},"line":15}},"branchMap":{"0":{"loc":{"start":{"line":8,"column":11},"end":{"line":8,"column":33}},"type":"binary-expr","locations":[{"start":{"line":8,"column":11},"end":{"line":8,"column":16}},{"start":{"line":8,"column":20},"end":{"line":8,"column":33}}],"line":8},"1":{"loc":{"start":{"line":9,"column":10},"end":{"line":9,"column":33}},"type":"binary-expr","locations":[{"start":{"line":9,"column":10},"end":{"line":9,"column":15}},{"start":{"line":9,"column":19},"end":{"line":9,"column":33}}],"line":9},"2":{"loc":{"start":{"line":10,"column":10},"end":{"line":10,"column":58}},"type":"binary-expr","locations":[{"start":{"line":10,"column":10},"end":{"line":10,"column":15}},{"start":{"line":10,"column":19},"end":{"line":10,"column":58}}],"line":10},"3":{"loc":{"start":{"line":11,"column":7},"end":{"line":13,"column":12}},"type":"cond-expr","locations":[{"start":{"line":12,"column":8},"end":{"line":12,"column":91}},{"start":{"line":13,"column":8},"end":{"line":13,"column":12}}],"line":11},"4":{"loc":{"start":{"line":12,"column":60},"end":{"line":12,"column":86}},"type":"binary-expr","locations":[{"start":{"line":12,"column":60},"end":{"line":12,"column":65}},{"start":{"line":12,"column":69},"end":{"line":12,"column":86}}],"line":12},"5":{"loc":{"start":{"line":16,"column":8},"end":{"line":16,"column":66}},"type":"cond-expr","locations":[{"start":{"line":16,"column":22},"end":{"line":16,"column":43}},{"start":{"line":16,"column":46},"end":{"line":16,"column":66}}],"line":16},"6":{"loc":{"start":{"line":17,"column":10},"end":{"line":17,"column":55}},"type":"cond-expr","locations":[{"start":{"line":17,"column":24},"end":{"line":17,"column":38}},{"start":{"line":17,"column":41},"end":{"line":17,"column":55}}],"line":17}},"s":{"0":3,"1":45,"2":45,"3":3},"f":{"0":45,"1":3},"b":{"0":[45,45],"1":[45,45],"2":[45,45],"3":[2,43],"4":[2,2],"5":[1,2],"6":[2,43]},"_coverageSchema":"1a1c01bbd47fc00a2c39e90264f33305004495a9","hash":"b3f3ecaa0cfd00d209750bf92900790836391962"}
,"C:\\Users\\tscho\\meet\\src\\components\\EventList.jsx": {"path":"C:\\Users\\tscho\\meet\\src\\components\\EventList.jsx","statementMap":{"0":{"start":{"line":5,"column":18},"end":{"line":11,"column":1}},"1":{"start":{"line":6,"column":1},"end":{"line":10,"column":3}},"2":{"start":{"line":8,"column":34},"end":{"line":8,"column":72}}},"fnMap":{"0":{"name":"(anonymous_0)","decl":{"start":{"line":5,"column":18},"end":{"line":5,"column":19}},"loc":{"start":{"line":5,"column":34},"end":{"line":11,"column":1}},"line":5},"1":{"name":"(anonymous_1)","decl":{"start":{"line":8,"column":25},"end":{"line":8,"column":26}},"loc":{"start":{"line":8,"column":34},"end":{"line":8,"column":72}},"line":8}},"branchMap":{"0":{"loc":{"start":{"line":8,"column":6},"end":{"line":8,"column":79}},"type":"cond-expr","locations":[{"start":{"line":8,"column":14},"end":{"line":8,"column":73}},{"start":{"line":8,"column":75},"end":{"line":8,"column":79}}],"line":8}},"s":{"0":2,"1":6,"2":35},"f":{"0":6,"1":35},"b":{"0":[1,5]},"_coverageSchema":"1a1c01bbd47fc00a2c39e90264f33305004495a9","hash":"9b744450af020d144a5ee0d05f2485410ad7ce22"}
,"C:\\Users\\tscho\\meet\\src\\components\\NumberOfEvents.jsx": {"path":"C:\\Users\\tscho\\meet\\src\\components\\NumberOfEvents.jsx","statementMap":{"0":{"start":{"line":3,"column":23},"end":{"line":23,"column":1}},"1":{"start":{"line":4,"column":38},"end":{"line":4,"column":50}},"2":{"start":{"line":6,"column":28},"end":{"line":8,"column":3}},"3":{"start":{"line":7,"column":4},"end":{"line":7,"column":38}},"4":{"start":{"line":10,"column":2},"end":{"line":22,"column":4}}},"fnMap":{"0":{"name":"(anonymous_0)","decl":{"start":{"line":3,"column":23},"end":{"line":3,"column":24}},"loc":{"start":{"line":3,"column":29},"end":{"line":23,"column":1}},"line":3},"1":{"name":"(anonymous_1)","decl":{"start":{"line":6,"column":28},"end":{"line":6,"column":29}},"loc":{"start":{"line":6,"column":39},"end":{"line":8,"column":3}},"line":6}},"branchMap":{},"s":{"0":1,"1":5,"2":5,"3":2,"4":5},"f":{"0":5,"1":2},"b":{},"_coverageSchema":"1a1c01bbd47fc00a2c39e90264f33305004495a9","hash":"eb6f8049a9fdc5a182bfc09bb8a0f2d33d2953d1"}
}
