{"C:\\Users\\tscho\\meet\\src\\App.jsx": {"path":"C:\\Users\\tscho\\meet\\src\\App.jsx","statementMap":{"0":{"start":{"line":13,"column":12},"end":{"line":57,"column":1}},"1":{"start":{"line":14,"column":30},"end":{"line":14,"column":42}},"2":{"start":{"line":15,"column":38},"end":{"line":15,"column":50}},"3":{"start":{"line":16,"column":42},"end":{"line":16,"column":54}},"4":{"start":{"line":17,"column":40},"end":{"line":17,"column":66}},"5":{"start":{"line":18,"column":36},"end":{"line":18,"column":48}},"6":{"start":{"line":19,"column":38},"end":{"line":19,"column":50}},"7":{"start":{"line":20,"column":42},"end":{"line":20,"column":54}},"8":{"start":{"line":22,"column":2},"end":{"line":31,"column":32}},"9":{"start":{"line":23,"column":4},"end":{"line":29,"column":5}},"10":{"start":{"line":24,"column":6},"end":{"line":24,"column":26}},"11":{"start":{"line":26,"column":6},"end":{"line":28,"column":8}},"12":{"start":{"line":30,"column":4},"end":{"line":30,"column":16}},"13":{"start":{"line":33,"column":20},"end":{"line":40,"column":3}},"14":{"start":{"line":34,"column":22},"end":{"line":34,"column":39}},"15":{"start":{"line":35,"column":27},"end":{"line":37,"column":63}},"16":{"start":{"line":37,"column":32},"end":{"line":37,"column":62}},"17":{"start":{"line":38,"column":4},"end":{"line":38,"column":51}},"18":{"start":{"line":39,"column":4},"end":{"line":39,"column":49}},"19":{"start":{"line":42,"column":2},"end":{"line":56,"column":4}}},"fnMap":{"0":{"name":"(anonymous_0)","decl":{"start":{"line":13,"column":12},"end":{"line":13,"column":13}},"loc":{"start":{"line":13,"column":18},"end":{"line":57,"column":1}},"line":13},"1":{"name":"(anonymous_1)","decl":{"start":{"line":22,"column":12},"end":{"line":22,"column":13}},"loc":{"start":{"line":22,"column":18},"end":{"line":31,"column":3}},"line":22},"2":{"name":"(anonymous_2)","decl":{"start":{"line":33,"column":20},"end":{"line":33,"column":21}},"loc":{"start":{"line":33,"column":32},"end":{"line":40,"column":3}},"line":33},"3":{"name":"(anonymous_3)","decl":{"start":{"line":37,"column":23},"end":{"line":37,"column":24}},"loc":{"start":{"line":37,"column":32},"end":{"line":37,"column":62}},"line":37}},"branchMap":{"0":{"loc":{"start":{"line":23,"column":4},"end":{"line":29,"column":5}},"type":"if","locations":[{"start":{"line":23,"column":4},"end":{"line":29,"column":5}},{"start":{"line":25,"column":11},"end":{"line":29,"column":5}}],"line":23},"1":{"loc":{"start":{"line":35,"column":27},"end":{"line":37,"column":63}},"type":"cond-expr","locations":[{"start":{"line":36,"column":6},"end":{"line":36,"column":15}},{"start":{"line":37,"column":6},"end":{"line":37,"column":63}}],"line":35},"2":{"loc":{"start":{"line":45,"column":9},"end":{"line":45,"column":64}},"type":"cond-expr","locations":[{"start":{"line":45,"column":28},"end":{"line":45,"column":57}},{"start":{"line":45,"column":60},"end":{"line":45,"column":64}}],"line":45},"3":{"loc":{"start":{"line":46,"column":9},"end":{"line":46,"column":68}},"type":"cond-expr","locations":[{"start":{"line":46,"column":29},"end":{"line":46,"column":61}},{"start":{"line":46,"column":64},"end":{"line":46,"column":68}}],"line":46},"4":{"loc":{"start":{"line":47,"column":9},"end":{"line":47,"column":74}},"type":"cond-expr","locations":[{"start":{"line":47,"column":31},"end":{"line":47,"column":67}},{"start":{"line":47,"column":70},"end":{"line":47,"column":74}}],"line":47}},"s":{"0":7,"1":34,"2":30,"3":30,"4":30,"5":30,"6":30,"7":30,"8":30,"9":17,"10":17,"11":0,"12":17,"13":30,"14":17,"15":17,"16":70,"17":17,"18":17,"19":30},"f":{"0":34,"1":17,"2":17,"3":70},"b":{"0":[17,0],"1":[15,2],"2":[0,30],"3":[0,30],"4":[0,30]},"_coverageSchema":"1a1c01bbd47fc00a2c39e90264f33305004495a9","hash":"ad902ce11e221d07f2f9c221e3e63e914eafa75a"}
,"C:\\Users\\tscho\\meet\\src\\api.js": {"path":"C:\\Users\\tscho\\meet\\src\\api.js","statementMap":{"0":{"start":{"line":12,"column":30},"end":{"line":31,"column":1}},"1":{"start":{"line":13,"column":22},"end":{"line":13,"column":58}},"2":{"start":{"line":14,"column":21},"end":{"line":14,"column":67}},"3":{"start":{"line":16,"column":2},"end":{"line":29,"column":3}},"4":{"start":{"line":17,"column":4},"end":{"line":17,"column":50}},"5":{"start":{"line":18,"column":25},"end":{"line":18,"column":68}},"6":{"start":{"line":19,"column":17},"end":{"line":19,"column":47}},"7":{"start":{"line":20,"column":4},"end":{"line":27,"column":5}},"8":{"start":{"line":21,"column":23},"end":{"line":23,"column":7}},"9":{"start":{"line":24,"column":21},"end":{"line":24,"column":42}},"10":{"start":{"line":25,"column":26},"end":{"line":25,"column":32}},"11":{"start":{"line":26,"column":6},"end":{"line":26,"column":46}},"12":{"start":{"line":28,"column":4},"end":{"line":28,"column":34}},"13":{"start":{"line":30,"column":2},"end":{"line":30,"column":21}},"14":{"start":{"line":33,"column":32},"end":{"line":37,"column":1}},"15":{"start":{"line":34,"column":29},"end":{"line":34,"column":66}},"16":{"start":{"line":34,"column":51},"end":{"line":34,"column":65}},"17":{"start":{"line":35,"column":20},"end":{"line":35,"column":52}},"18":{"start":{"line":36,"column":2},"end":{"line":36,"column":19}},"19":{"start":{"line":39,"column":20},"end":{"line":52,"column":1}},"20":{"start":{"line":41,"column":2},"end":{"line":51,"column":3}},"21":{"start":{"line":42,"column":4},"end":{"line":46,"column":31}},"22":{"start":{"line":47,"column":4},"end":{"line":47,"column":45}},"23":{"start":{"line":49,"column":4},"end":{"line":49,"column":68}},"24":{"start":{"line":50,"column":4},"end":{"line":50,"column":45}},"25":{"start":{"line":54,"column":19},"end":{"line":60,"column":1}},"26":{"start":{"line":55,"column":19},"end":{"line":57,"column":3}},"27":{"start":{"line":58,"column":17},"end":{"line":58,"column":38}},"28":{"start":{"line":59,"column":2},"end":{"line":59,"column":16}},"29":{"start":{"line":66,"column":25},"end":{"line":91,"column":1}},"30":{"start":{"line":67,"column":2},"end":{"line":69,"column":3}},"31":{"start":{"line":68,"column":4},"end":{"line":68,"column":20}},"32":{"start":{"line":71,"column":2},"end":{"line":75,"column":3}},"33":{"start":{"line":72,"column":19},"end":{"line":72,"column":53}},"34":{"start":{"line":73,"column":4},"end":{"line":73,"column":21}},"35":{"start":{"line":74,"column":4},"end":{"line":74,"column":44}},"36":{"start":{"line":77,"column":16},"end":{"line":77,"column":38}},"37":{"start":{"line":80,"column":2},"end":{"line":90,"column":3}},"38":{"start":{"line":81,"column":4},"end":{"line":81,"column":18}},"39":{"start":{"line":82,"column":17},"end":{"line":82,"column":106}},"40":{"start":{"line":83,"column":21},"end":{"line":83,"column":37}},"41":{"start":{"line":84,"column":19},"end":{"line":84,"column":40}},"42":{"start":{"line":85,"column":4},"end":{"line":89,"column":23}},"43":{"start":{"line":86,"column":6},"end":{"line":86,"column":23}},"44":{"start":{"line":87,"column":6},"end":{"line":87,"column":72}},"45":{"start":{"line":88,"column":6},"end":{"line":88,"column":27}},"46":{"start":{"line":89,"column":11},"end":{"line":89,"column":23}},"47":{"start":{"line":93,"column":17},"end":{"line":103,"column":1}},"48":{"start":{"line":94,"column":21},"end":{"line":94,"column":45}},"49":{"start":{"line":95,"column":19},"end":{"line":97,"column":3}},"50":{"start":{"line":98,"column":27},"end":{"line":98,"column":48}},"51":{"start":{"line":99,"column":2},"end":{"line":99,"column":69}},"52":{"start":{"line":102,"column":2},"end":{"line":102,"column":22}}},"fnMap":{"0":{"name":"(anonymous_0)","decl":{"start":{"line":12,"column":30},"end":{"line":12,"column":31}},"loc":{"start":{"line":12,"column":42},"end":{"line":31,"column":1}},"line":12},"1":{"name":"(anonymous_1)","decl":{"start":{"line":33,"column":32},"end":{"line":33,"column":33}},"loc":{"start":{"line":33,"column":44},"end":{"line":37,"column":1}},"line":33},"2":{"name":"(anonymous_2)","decl":{"start":{"line":34,"column":40},"end":{"line":34,"column":41}},"loc":{"start":{"line":34,"column":51},"end":{"line":34,"column":65}},"line":34},"3":{"name":"(anonymous_3)","decl":{"start":{"line":39,"column":20},"end":{"line":39,"column":21}},"loc":{"start":{"line":39,"column":26},"end":{"line":52,"column":1}},"line":39},"4":{"name":"(anonymous_4)","decl":{"start":{"line":54,"column":19},"end":{"line":54,"column":20}},"loc":{"start":{"line":54,"column":42},"end":{"line":60,"column":1}},"line":54},"5":{"name":"(anonymous_5)","decl":{"start":{"line":66,"column":25},"end":{"line":66,"column":26}},"loc":{"start":{"line":66,"column":37},"end":{"line":91,"column":1}},"line":66},"6":{"name":"(anonymous_6)","decl":{"start":{"line":93,"column":17},"end":{"line":93,"column":18}},"loc":{"start":{"line":93,"column":33},"end":{"line":103,"column":1}},"line":93}},"branchMap":{"0":{"loc":{"start":{"line":14,"column":21},"end":{"line":14,"column":67}},"type":"binary-expr","locations":[{"start":{"line":14,"column":21},"end":{"line":14,"column":32}},{"start":{"line":14,"column":37},"end":{"line":14,"column":66}}],"line":14},"1":{"loc":{"start":{"line":16,"column":2},"end":{"line":29,"column":3}},"type":"if","locations":[{"start":{"line":16,"column":2},"end":{"line":29,"column":3}},{"start":{},"end":{}}],"line":16},"2":{"loc":{"start":{"line":16,"column":6},"end":{"line":16,"column":38}},"type":"binary-expr","locations":[{"start":{"line":16,"column":6},"end":{"line":16,"column":18}},{"start":{"line":16,"column":22},"end":{"line":16,"column":38}}],"line":16},"3":{"loc":{"start":{"line":20,"column":4},"end":{"line":27,"column":5}},"type":"if","locations":[{"start":{"line":20,"column":4},"end":{"line":27,"column":5}},{"start":{},"end":{}}],"line":20},"4":{"loc":{"start":{"line":28,"column":11},"end":{"line":28,"column":33}},"type":"binary-expr","locations":[{"start":{"line":28,"column":11},"end":{"line":28,"column":15}},{"start":{"line":28,"column":19},"end":{"line":28,"column":33}}],"line":28},"5":{"loc":{"start":{"line":41,"column":2},"end":{"line":51,"column":3}},"type":"if","locations":[{"start":{"line":41,"column":2},"end":{"line":51,"column":3}},{"start":{"line":48,"column":9},"end":{"line":51,"column":3}}],"line":41},"6":{"loc":{"start":{"line":41,"column":6},"end":{"line":41,"column":58}},"type":"binary-expr","locations":[{"start":{"line":41,"column":6},"end":{"line":41,"column":30}},{"start":{"line":41,"column":34},"end":{"line":41,"column":58}}],"line":41},"7":{"loc":{"start":{"line":67,"column":2},"end":{"line":69,"column":3}},"type":"if","locations":[{"start":{"line":67,"column":2},"end":{"line":69,"column":3}},{"start":{},"end":{}}],"line":67},"8":{"loc":{"start":{"line":71,"column":2},"end":{"line":75,"column":3}},"type":"if","locations":[{"start":{"line":71,"column":2},"end":{"line":75,"column":3}},{"start":{},"end":{}}],"line":71},"9":{"loc":{"start":{"line":74,"column":11},"end":{"line":74,"column":43}},"type":"cond-expr","locations":[{"start":{"line":74,"column":20},"end":{"line":74,"column":38}},{"start":{"line":74,"column":41},"end":{"line":74,"column":43}}],"line":74},"10":{"loc":{"start":{"line":80,"column":2},"end":{"line":90,"column":3}},"type":"if","locations":[{"start":{"line":80,"column":2},"end":{"line":90,"column":3}},{"start":{},"end":{}}],"line":80},"11":{"loc":{"start":{"line":85,"column":4},"end":{"line":89,"column":23}},"type":"if","locations":[{"start":{"line":85,"column":4},"end":{"line":89,"column":23}},{"start":{"line":89,"column":11},"end":{"line":89,"column":23}}],"line":85},"12":{"loc":{"start":{"line":99,"column":2},"end":{"line":99,"column":68}},"type":"binary-expr","locations":[{"start":{"line":99,"column":2},"end":{"line":99,"column":14}},{"start":{"line":99,"column":18},"end":{"line":99,"column":68}}],"line":99}},"s":{"0":8,"1":0,"2":0,"3":0,"4":0,"5":0,"6":0,"7":0,"8":0,"9":0,"10":0,"11":0,"12":0,"13":0,"14":8,"15":20,"16":700,"17":20,"18":20,"19":8,"20":0,"21":0,"22":0,"23":0,"24":0,"25":8,"26":0,"27":0,"28":0,"29":8,"30":30,"31":30,"32":0,"33":0,"34":0,"35":0,"36":0,"37":0,"38":0,"39":0,"40":0,"41":0,"42":0,"43":0,"44":0,"45":0,"46":0,"47":8,"48":0,"49":0,"50":0,"51":0,"52":0},"f":{"0":0,"1":20,"2":700,"3":0,"4":0,"5":30,"6":0},"b":{"0":[0,0],"1":[0,0],"2":[0,0],"3":[0,0],"4":[0,0],"5":[0,0],"6":[0,0],"7":[30,0],"8":[0,0],"9":[0,0],"10":[0,0],"11":[0,0],"12":[0,0]},"_coverageSchema":"1a1c01bbd47fc00a2c39e90264f33305004495a9","hash":"85f5bb8d42f1cef2e93a1bab2699e7c4adb8f577"}
,"C:\\Users\\tscho\\meet\\src\\mock-data.js": {"path":"C:\\Users\\tscho\\meet\\src\\mock-data.js","statementMap":{"0":{"start":{"line":3,"column":17},"end":{"line":1369,"column":4}}},"fnMap":{},"branchMap":{},"s":{"0":8},"f":{},"b":{},"_coverageSchema":"1a1c01bbd47fc00a2c39e90264f33305004495a9","hash":"f692f1fc8e2756289d6498d2e9b421baf139cc12"}
,"C:\\Users\\tscho\\meet\\src\\components\\Alert.jsx": {"path":"C:\\Users\\tscho\\meet\\src\\components\\Alert.jsx","statementMap":{"0":{"start":{"line":6,"column":3},"end":{"line":6,"column":16}},"1":{"start":{"line":7,"column":3},"end":{"line":7,"column":21}},"2":{"start":{"line":8,"column":3},"end":{"line":8,"column":23}},"3":{"start":{"line":12,"column":12},"end":{"line":26,"column":2}},"4":{"start":{"line":13,"column":3},"end":{"line":25,"column":5}},"5":{"start":{"line":30,"column":3},"end":{"line":34,"column":5}},"6":{"start":{"line":40,"column":3},"end":{"line":40,"column":16}},"7":{"start":{"line":41,"column":3},"end":{"line":41,"column":33}},"8":{"start":{"line":42,"column":3},"end":{"line":42,"column":39}},"9":{"start":{"line":48,"column":3},"end":{"line":48,"column":16}},"10":{"start":{"line":49,"column":3},"end":{"line":49,"column":33}},"11":{"start":{"line":50,"column":3},"end":{"line":50,"column":38}},"12":{"start":{"line":56,"column":3},"end":{"line":56,"column":16}},"13":{"start":{"line":57,"column":3},"end":{"line":57,"column":35}},"14":{"start":{"line":58,"column":3},"end":{"line":58,"column":39}}},"fnMap":{"0":{"name":"(anonymous_0)","decl":{"start":{"line":5,"column":1},"end":{"line":5,"column":2}},"loc":{"start":{"line":5,"column":20},"end":{"line":9,"column":2}},"line":5},"1":{"name":"(anonymous_1)","decl":{"start":{"line":12,"column":12},"end":{"line":12,"column":13}},"loc":{"start":{"line":12,"column":18},"end":{"line":26,"column":2}},"line":12},"2":{"name":"(anonymous_2)","decl":{"start":{"line":29,"column":1},"end":{"line":29,"column":2}},"loc":{"start":{"line":29,"column":10},"end":{"line":35,"column":2}},"line":29},"3":{"name":"(anonymous_3)","decl":{"start":{"line":39,"column":1},"end":{"line":39,"column":2}},"loc":{"start":{"line":39,"column":20},"end":{"line":43,"column":2}},"line":39},"4":{"name":"(anonymous_4)","decl":{"start":{"line":47,"column":1},"end":{"line":47,"column":2}},"loc":{"start":{"line":47,"column":20},"end":{"line":51,"column":2}},"line":47},"5":{"name":"(anonymous_5)","decl":{"start":{"line":55,"column":1},"end":{"line":55,"column":2}},"loc":{"start":{"line":55,"column":20},"end":{"line":59,"column":2}},"line":55}},"branchMap":{},"s":{"0":0,"1":0,"2":0,"3":0,"4":0,"5":0,"6":0,"7":0,"8":0,"9":0,"10":0,"11":0,"12":0,"13":0,"14":0},"f":{"0":0,"1":0,"2":0,"3":0,"4":0,"5":0},"b":{},"_coverageSchema":"1a1c01bbd47fc00a2c39e90264f33305004495a9","hash":"49c7813e86c78f5991df23b327917a1a4a0ba69b"}
,"C:\\Users\\tscho\\meet\\src\\components\\CityEventsChart.jsx": {"path":"C:\\Users\\tscho\\meet\\src\\components\\CityEventsChart.jsx","statementMap":{"0":{"start":{"line":12,"column":24},"end":{"line":49,"column":1}},"1":{"start":{"line":13,"column":26},"end":{"line":13,"column":38}},"2":{"start":{"line":15,"column":2},"end":{"line":17,"column":20}},"3":{"start":{"line":16,"column":4},"end":{"line":16,"column":23}},"4":{"start":{"line":19,"column":18},"end":{"line":26,"column":3}},"5":{"start":{"line":20,"column":17},"end":{"line":24,"column":6}},"6":{"start":{"line":21,"column":20},"end":{"line":21,"column":80}},"7":{"start":{"line":21,"column":45},"end":{"line":21,"column":72}},"8":{"start":{"line":22,"column":19},"end":{"line":22,"column":48}},"9":{"start":{"line":23,"column":6},"end":{"line":23,"column":29}},"10":{"start":{"line":25,"column":4},"end":{"line":25,"column":16}},"11":{"start":{"line":28,"column":2},"end":{"line":48,"column":4}}},"fnMap":{"0":{"name":"(anonymous_0)","decl":{"start":{"line":12,"column":24},"end":{"line":12,"column":25}},"loc":{"start":{"line":12,"column":54},"end":{"line":49,"column":1}},"line":12},"1":{"name":"(anonymous_1)","decl":{"start":{"line":15,"column":12},"end":{"line":15,"column":13}},"loc":{"start":{"line":15,"column":18},"end":{"line":17,"column":3}},"line":15},"2":{"name":"(anonymous_2)","decl":{"start":{"line":19,"column":18},"end":{"line":19,"column":19}},"loc":{"start":{"line":19,"column":24},"end":{"line":26,"column":3}},"line":19},"3":{"name":"(anonymous_3)","decl":{"start":{"line":20,"column":34},"end":{"line":20,"column":35}},"loc":{"start":{"line":20,"column":48},"end":{"line":24,"column":5}},"line":20},"4":{"name":"(anonymous_4)","decl":{"start":{"line":21,"column":34},"end":{"line":21,"column":35}},"loc":{"start":{"line":21,"column":45},"end":{"line":21,"column":72}},"line":21}},"branchMap":{},"s":{"0":7,"1":54,"2":54,"3":26,"4":54,"5":26,"6":22,"7":644,"8":22,"9":22,"10":26,"11":54},"f":{"0":54,"1":26,"2":26,"3":22,"4":644},"b":{},"_coverageSchema":"1a1c01bbd47fc00a2c39e90264f33305004495a9","hash":"169db1b5bd90bb9027f375e3649728ab2dcdac8c"}
,"C:\\Users\\tscho\\meet\\src\\components\\CitySearch.jsx": {"path":"C:\\Users\\tscho\\meet\\src\\components\\CitySearch.jsx","statementMap":{"0":{"start":{"line":4,"column":19},"end":{"line":65,"column":1}},"1":{"start":{"line":5,"column":48},"end":{"line":5,"column":63}},"2":{"start":{"line":6,"column":28},"end":{"line":6,"column":40}},"3":{"start":{"line":7,"column":40},"end":{"line":7,"column":52}},"4":{"start":{"line":9,"column":2},"end":{"line":11,"column":26}},"5":{"start":{"line":10,"column":4},"end":{"line":10,"column":33}},"6":{"start":{"line":13,"column":29},"end":{"line":31,"column":3}},"7":{"start":{"line":14,"column":18},"end":{"line":14,"column":36}},"8":{"start":{"line":15,"column":30},"end":{"line":19,"column":10}},"9":{"start":{"line":17,"column":10},"end":{"line":17,"column":62}},"10":{"start":{"line":21,"column":4},"end":{"line":21,"column":20}},"11":{"start":{"line":22,"column":4},"end":{"line":22,"column":38}},"12":{"start":{"line":25,"column":4},"end":{"line":29,"column":5}},"13":{"start":{"line":26,"column":6},"end":{"line":26,"column":88}},"14":{"start":{"line":28,"column":6},"end":{"line":28,"column":19}},"15":{"start":{"line":30,"column":4},"end":{"line":30,"column":27}},"16":{"start":{"line":33,"column":28},"end":{"line":39,"column":3}},"17":{"start":{"line":34,"column":18},"end":{"line":34,"column":42}},"18":{"start":{"line":35,"column":4},"end":{"line":35,"column":20}},"19":{"start":{"line":36,"column":4},"end":{"line":36,"column":30}},"20":{"start":{"line":37,"column":4},"end":{"line":37,"column":26}},"21":{"start":{"line":38,"column":4},"end":{"line":38,"column":21}},"22":{"start":{"line":42,"column":2},"end":{"line":64,"column":3}},"23":{"start":{"line":49,"column":23},"end":{"line":49,"column":47}},"24":{"start":{"line":55,"column":12},"end":{"line":55,"column":85}}},"fnMap":{"0":{"name":"(anonymous_0)","decl":{"start":{"line":4,"column":19},"end":{"line":4,"column":20}},"loc":{"start":{"line":4,"column":76},"end":{"line":65,"column":1}},"line":4},"1":{"name":"(anonymous_1)","decl":{"start":{"line":9,"column":12},"end":{"line":9,"column":13}},"loc":{"start":{"line":9,"column":18},"end":{"line":11,"column":3}},"line":9},"2":{"name":"(anonymous_2)","decl":{"start":{"line":13,"column":29},"end":{"line":13,"column":30}},"loc":{"start":{"line":13,"column":40},"end":{"line":31,"column":3}},"line":13},"3":{"name":"(anonymous_3)","decl":{"start":{"line":16,"column":28},"end":{"line":16,"column":29}},"loc":{"start":{"line":17,"column":10},"end":{"line":17,"column":62}},"line":17},"4":{"name":"(anonymous_4)","decl":{"start":{"line":33,"column":28},"end":{"line":33,"column":29}},"loc":{"start":{"line":33,"column":39},"end":{"line":39,"column":3}},"line":33},"5":{"name":"(anonymous_5)","decl":{"start":{"line":49,"column":17},"end":{"line":49,"column":18}},"loc":{"start":{"line":49,"column":23},"end":{"line":49,"column":47}},"line":49},"6":{"name":"(anonymous_6)","decl":{"start":{"line":54,"column":27},"end":{"line":54,"column":28}},"loc":{"start":{"line":54,"column":43},"end":{"line":56,"column":11}},"line":54}},"branchMap":{"0":{"loc":{"start":{"line":4,"column":22},"end":{"line":4,"column":39}},"type":"default-arg","locations":[{"start":{"line":4,"column":37},"end":{"line":4,"column":39}}],"line":4},"1":{"loc":{"start":{"line":15,"column":30},"end":{"line":19,"column":10}},"type":"cond-expr","locations":[{"start":{"line":16,"column":8},"end":{"line":18,"column":9}},{"start":{"line":19,"column":8},"end":{"line":19,"column":10}}],"line":15},"2":{"loc":{"start":{"line":25,"column":4},"end":{"line":29,"column":5}},"type":"if","locations":[{"start":{"line":25,"column":4},"end":{"line":29,"column":5}},{"start":{"line":27,"column":11},"end":{"line":29,"column":5}}],"line":25},"3":{"loc":{"start":{"line":52,"column":7},"end":{"line":61,"column":14}},"type":"cond-expr","locations":[{"start":{"line":53,"column":8},"end":{"line":60,"column":13}},{"start":{"line":61,"column":10},"end":{"line":61,"column":14}}],"line":52}},"s":{"0":7,"1":104,"2":104,"3":104,"4":104,"5":31,"6":104,"7":30,"8":30,"9":60,"10":30,"11":30,"12":30,"13":0,"14":30,"15":30,"16":104,"17":3,"18":3,"19":3,"20":3,"21":3,"22":104,"23":7,"24":42},"f":{"0":104,"1":31,"2":30,"3":60,"4":3,"5":7,"6":42},"b":{"0":[0],"1":[30,0],"2":[0,30],"3":[39,65]},"_coverageSchema":"1a1c01bbd47fc00a2c39e90264f33305004495a9","hash":"aa63e34b8329878a7d19953041e14191b42879e8"}
,"C:\\Users\\tscho\\meet\\src\\components\\Event.jsx": {"path":"C:\\Users\\tscho\\meet\\src\\components\\Event.jsx","statementMap":{"0":{"start":{"line":4,"column":14},"end":{"line":20,"column":1}},"1":{"start":{"line":5,"column":40},"end":{"line":5,"column":55}},"2":{"start":{"line":6,"column":2},"end":{"line":19,"column":3}},"3":{"start":{"line":16,"column":8},"end":{"line":16,"column":66}}},"fnMap":{"0":{"name":"(anonymous_0)","decl":{"start":{"line":4,"column":14},"end":{"line":4,"column":15}},"loc":{"start":{"line":4,"column":29},"end":{"line":20,"column":1}},"line":4},"1":{"name":"(anonymous_1)","decl":{"start":{"line":15,"column":47},"end":{"line":15,"column":48}},"loc":{"start":{"line":15,"column":53},"end":{"line":17,"column":7}},"line":15}},"branchMap":{"0":{"loc":{"start":{"line":8,"column":11},"end":{"line":8,"column":33}},"type":"binary-expr","locations":[{"start":{"line":8,"column":11},"end":{"line":8,"column":16}},{"start":{"line":8,"column":20},"end":{"line":8,"column":33}}],"line":8},"1":{"loc":{"start":{"line":9,"column":10},"end":{"line":9,"column":33}},"type":"binary-expr","locations":[{"start":{"line":9,"column":10},"end":{"line":9,"column":15}},{"start":{"line":9,"column":19},"end":{"line":9,"column":33}}],"line":9},"2":{"loc":{"start":{"line":10,"column":10},"end":{"line":10,"column":58}},"type":"binary-expr","locations":[{"start":{"line":10,"column":10},"end":{"line":10,"column":15}},{"start":{"line":10,"column":19},"end":{"line":10,"column":58}}],"line":10},"3":{"loc":{"start":{"line":11,"column":7},"end":{"line":13,"column":12}},"type":"cond-expr","locations":[{"start":{"line":12,"column":8},"end":{"line":12,"column":91}},{"start":{"line":13,"column":8},"end":{"line":13,"column":12}}],"line":11},"4":{"loc":{"start":{"line":12,"column":60},"end":{"line":12,"column":86}},"type":"binary-expr","locations":[{"start":{"line":12,"column":60},"end":{"line":12,"column":65}},{"start":{"line":12,"column":69},"end":{"line":12,"column":86}}],"line":12},"5":{"loc":{"start":{"line":16,"column":8},"end":{"line":16,"column":66}},"type":"cond-expr","locations":[{"start":{"line":16,"column":22},"end":{"line":16,"column":43}},{"start":{"line":16,"column":46},"end":{"line":16,"column":66}}],"line":16},"6":{"loc":{"start":{"line":17,"column":10},"end":{"line":17,"column":55}},"type":"cond-expr","locations":[{"start":{"line":17,"column":24},"end":{"line":17,"column":38}},{"start":{"line":17,"column":41},"end":{"line":17,"column":55}}],"line":17}},"s":{"0":8,"1":431,"2":431,"3":3},"f":{"0":431,"1":3},"b":{"0":[431,431],"1":[431,431],"2":[431,431],"3":[2,429],"4":[2,2],"5":[1,2],"6":[2,429]},"_coverageSchema":"1a1c01bbd47fc00a2c39e90264f33305004495a9","hash":"b3f3ecaa0cfd00d209750bf92900790836391962"}
,"C:\\Users\\tscho\\meet\\src\\components\\EventList.jsx": {"path":"C:\\Users\\tscho\\meet\\src\\components\\EventList.jsx","statementMap":{"0":{"start":{"line":5,"column":18},"end":{"line":11,"column":1}},"1":{"start":{"line":6,"column":1},"end":{"line":10,"column":3}},"2":{"start":{"line":8,"column":34},"end":{"line":8,"column":72}}},"fnMap":{"0":{"name":"(anonymous_0)","decl":{"start":{"line":5,"column":18},"end":{"line":5,"column":19}},"loc":{"start":{"line":5,"column":34},"end":{"line":11,"column":1}},"line":5},"1":{"name":"(anonymous_1)","decl":{"start":{"line":8,"column":25},"end":{"line":8,"column":26}},"loc":{"start":{"line":8,"column":34},"end":{"line":8,"column":72}},"line":8}},"branchMap":{"0":{"loc":{"start":{"line":8,"column":6},"end":{"line":8,"column":79}},"type":"cond-expr","locations":[{"start":{"line":8,"column":14},"end":{"line":8,"column":73}},{"start":{"line":8,"column":75},"end":{"line":8,"column":79}}],"line":8}},"s":{"0":7,"1":31,"2":421},"f":{"0":31,"1":421},"b":{"0":[29,2]},"_coverageSchema":"1a1c01bbd47fc00a2c39e90264f33305004495a9","hash":"9b744450af020d144a5ee0d05f2485410ad7ce22"}
,"C:\\Users\\tscho\\meet\\src\\components\\NumberOfEvents.jsx": {"path":"C:\\Users\\tscho\\meet\\src\\components\\NumberOfEvents.jsx","statementMap":{"0":{"start":{"line":4,"column":23},"end":{"line":37,"column":1}},"1":{"start":{"line":6,"column":30},"end":{"line":6,"column":50}},"2":{"start":{"line":8,"column":29},"end":{"line":22,"column":3}},"3":{"start":{"line":9,"column":18},"end":{"line":9,"column":44}},"4":{"start":{"line":10,"column":4},"end":{"line":10,"column":21}},"5":{"start":{"line":11,"column":4},"end":{"line":11,"column":25}},"6":{"start":{"line":14,"column":4},"end":{"line":20,"column":5}},"7":{"start":{"line":15,"column":6},"end":{"line":15,"column":58}},"8":{"start":{"line":16,"column":11},"end":{"line":20,"column":5}},"9":{"start":{"line":17,"column":6},"end":{"line":17,"column":70}},"10":{"start":{"line":19,"column":6},"end":{"line":19,"column":19}},"11":{"start":{"line":21,"column":4},"end":{"line":21,"column":29}},"12":{"start":{"line":24,"column":2},"end":{"line":36,"column":4}}},"fnMap":{"0":{"name":"(anonymous_0)","decl":{"start":{"line":4,"column":23},"end":{"line":4,"column":24}},"loc":{"start":{"line":4,"column":73},"end":{"line":37,"column":1}},"line":4},"1":{"name":"(anonymous_1)","decl":{"start":{"line":8,"column":29},"end":{"line":8,"column":30}},"loc":{"start":{"line":8,"column":40},"end":{"line":22,"column":3}},"line":8}},"branchMap":{"0":{"loc":{"start":{"line":14,"column":4},"end":{"line":20,"column":5}},"type":"if","locations":[{"start":{"line":14,"column":4},"end":{"line":20,"column":5}},{"start":{"line":16,"column":11},"end":{"line":20,"column":5}}],"line":14},"1":{"loc":{"start":{"line":16,"column":11},"end":{"line":20,"column":5}},"type":"if","locations":[{"start":{"line":16,"column":11},"end":{"line":20,"column":5}},{"start":{"line":18,"column":11},"end":{"line":20,"column":5}}],"line":16}},"s":{"0":7,"1":34,"2":34,"3":3,"4":3,"5":3,"6":3,"7":0,"8":3,"9":0,"10":3,"11":3,"12":34},"f":{"0":34,"1":3},"b":{"0":[0,3],"1":[0,3]},"_coverageSchema":"1a1c01bbd47fc00a2c39e90264f33305004495a9","hash":"d89abe0cc547d226529d328552aad7f2b580174a"}
}
