TN:
SF:src\App.jsx
FN:13,(anonymous_0)
FN:22,(anonymous_1)
FN:33,(anonymous_2)
FN:37,(anonymous_3)
FNF:4
FNH:4
FNDA:34,(anonymous_0)
FNDA:17,(anonymous_1)
FNDA:17,(anonymous_2)
FNDA:70,(anonymous_3)
DA:13,7
DA:14,34
DA:15,30
DA:16,30
DA:17,30
DA:18,30
DA:19,30
DA:20,30
DA:22,30
DA:23,17
DA:24,17
DA:26,0
DA:30,17
DA:33,30
DA:34,17
DA:35,17
DA:37,70
DA:38,17
DA:39,17
DA:42,30
LF:20
LH:19
BRDA:23,0,0,17
BRDA:23,0,1,0
BRDA:35,1,0,15
BRDA:35,1,1,2
BRDA:45,2,0,0
BRDA:45,2,1,30
BRDA:46,3,0,0
BRDA:46,3,1,30
BRDA:47,4,0,0
BRDA:47,4,1,30
BRF:10
BRH:6
end_of_record
TN:
SF:src\api.js
FN:12,(anonymous_0)
FN:33,(anonymous_1)
FN:34,(anonymous_2)
FN:39,(anonymous_3)
FN:54,(anonymous_4)
FN:66,(anonymous_5)
FN:93,(anonymous_6)
FNF:7
FNH:3
FNDA:0,(anonymous_0)
FNDA:20,(anonymous_1)
FNDA:700,(anonymous_2)
FNDA:0,(anonymous_3)
FNDA:0,(anonymous_4)
FNDA:30,(anonymous_5)
FNDA:0,(anonymous_6)
DA:12,8
DA:13,0
DA:14,0
DA:16,0
DA:17,0
DA:18,0
DA:19,0
DA:20,0
DA:21,0
DA:24,0
DA:25,0
DA:26,0
DA:28,0
DA:30,0
DA:33,8
DA:34,700
DA:35,20
DA:36,20
DA:39,8
DA:41,0
DA:42,0
DA:47,0
DA:49,0
DA:50,0
DA:54,8
DA:55,0
DA:58,0
DA:59,0
DA:66,8
DA:67,30
DA:68,30
DA:71,0
DA:72,0
DA:73,0
DA:74,0
DA:77,0
DA:80,0
DA:81,0
DA:82,0
DA:83,0
DA:84,0
DA:85,0
DA:86,0
DA:87,0
DA:88,0
DA:89,0
DA:93,8
DA:94,0
DA:95,0
DA:98,0
DA:99,0
DA:102,0
LF:52
LH:11
BRDA:14,0,0,0
BRDA:14,0,1,0
BRDA:16,1,0,0
BRDA:16,1,1,0
BRDA:16,2,0,0
BRDA:16,2,1,0
BRDA:20,3,0,0
BRDA:20,3,1,0
BRDA:28,4,0,0
BRDA:28,4,1,0
BRDA:41,5,0,0
BRDA:41,5,1,0
BRDA:41,6,0,0
BRDA:41,6,1,0
BRDA:67,7,0,30
BRDA:67,7,1,0
BRDA:71,8,0,0
BRDA:71,8,1,0
BRDA:74,9,0,0
BRDA:74,9,1,0
BRDA:80,10,0,0
BRDA:80,10,1,0
BRDA:85,11,0,0
BRDA:85,11,1,0
BRDA:99,12,0,0
BRDA:99,12,1,0
BRF:26
BRH:1
end_of_record
TN:
SF:src\mock-data.js
FNF:0
FNH:0
DA:3,8
LF:1
LH:1
BRF:0
BRH:0
end_of_record
TN:
SF:src\components\Alert.jsx
FN:5,(anonymous_0)
FN:12,(anonymous_1)
FN:29,(anonymous_2)
FN:39,(anonymous_3)
FN:47,(anonymous_4)
FN:55,(anonymous_5)
FNF:6
FNH:0
FNDA:0,(anonymous_0)
FNDA:0,(anonymous_1)
FNDA:0,(anonymous_2)
FNDA:0,(anonymous_3)
FNDA:0,(anonymous_4)
FNDA:0,(anonymous_5)
DA:6,0
DA:7,0
DA:8,0
DA:12,0
DA:13,0
DA:30,0
DA:40,0
DA:41,0
DA:42,0
DA:48,0
DA:49,0
DA:50,0
DA:56,0
DA:57,0
DA:58,0
LF:15
LH:0
BRF:0
BRH:0
end_of_record
TN:
SF:src\components\CityEventsChart.jsx
FN:12,(anonymous_0)
FN:15,(anonymous_1)
FN:19,(anonymous_2)
FN:20,(anonymous_3)
FN:21,(anonymous_4)
FNF:5
FNH:5
FNDA:54,(anonymous_0)
FNDA:26,(anonymous_1)
FNDA:26,(anonymous_2)
FNDA:22,(anonymous_3)
FNDA:644,(anonymous_4)
DA:12,7
DA:13,54
DA:15,54
DA:16,26
DA:19,54
DA:20,26
DA:21,644
DA:22,22
DA:23,22
DA:25,26
DA:28,54
LF:11
LH:11
BRF:0
BRH:0
end_of_record
TN:
SF:src\components\CitySearch.jsx
FN:4,(anonymous_0)
FN:9,(anonymous_1)
FN:13,(anonymous_2)
FN:16,(anonymous_3)
FN:33,(anonymous_4)
FN:49,(anonymous_5)
FN:54,(anonymous_6)
FNF:7
FNH:7
FNDA:104,(anonymous_0)
FNDA:31,(anonymous_1)
FNDA:30,(anonymous_2)
FNDA:60,(anonymous_3)
FNDA:3,(anonymous_4)
FNDA:7,(anonymous_5)
FNDA:42,(anonymous_6)
DA:4,7
DA:5,104
DA:6,104
DA:7,104
DA:9,104
DA:10,31
DA:13,104
DA:14,30
DA:15,30
DA:17,60
DA:21,30
DA:22,30
DA:25,30
DA:26,0
DA:28,30
DA:30,30
DA:33,104
DA:34,3
DA:35,3
DA:36,3
DA:37,3
DA:38,3
DA:42,104
DA:49,7
DA:55,42
LF:25
LH:24
BRDA:4,0,0,0
BRDA:15,1,0,30
BRDA:15,1,1,0
BRDA:25,2,0,0
BRDA:25,2,1,30
BRDA:52,3,0,39
BRDA:52,3,1,65
BRF:7
BRH:4
end_of_record
TN:
SF:src\components\Event.jsx
FN:4,(anonymous_0)
FN:15,(anonymous_1)
FNF:2
FNH:2
FNDA:431,(anonymous_0)
FNDA:3,(anonymous_1)
DA:4,8
DA:5,431
DA:6,431
DA:16,3
LF:4
LH:4
BRDA:8,0,0,431
BRDA:8,0,1,431
BRDA:9,1,0,431
BRDA:9,1,1,431
BRDA:10,2,0,431
BRDA:10,2,1,431
BRDA:11,3,0,2
BRDA:11,3,1,429
BRDA:12,4,0,2
BRDA:12,4,1,2
BRDA:16,5,0,1
BRDA:16,5,1,2
BRDA:17,6,0,2
BRDA:17,6,1,429
BRF:14
BRH:14
end_of_record
TN:
SF:src\components\EventList.jsx
FN:5,(anonymous_0)
FN:8,(anonymous_1)
FNF:2
FNH:2
FNDA:31,(anonymous_0)
FNDA:421,(anonymous_1)
DA:5,7
DA:6,31
DA:8,421
LF:3
LH:3
BRDA:8,0,0,29
BRDA:8,0,1,2
BRF:2
BRH:2
end_of_record
TN:
SF:src\components\NumberOfEvents.jsx
FN:4,(anonymous_0)
FN:8,(anonymous_1)
FNF:2
FNH:2
FNDA:34,(anonymous_0)
FNDA:3,(anonymous_1)
DA:4,7
DA:6,34
DA:8,34
DA:9,3
DA:10,3
DA:11,3
DA:14,3
DA:15,0
DA:16,3
DA:17,0
DA:19,3
DA:21,3
DA:24,34
LF:13
LH:11
BRDA:14,0,0,0
BRDA:14,0,1,3
BRDA:16,1,0,0
BRDA:16,1,1,3
BRF:4
BRH:2
end_of_record
